14352
37648
64755
97164
97988
117776
133332
144432
159339
186758
189849
201311
211457
250563
259729
274839
290686
297452
298737
317055
377338
401040
453867
460294
472832
491821
492501
497257
505773
518762
539645
540986
562930
578079
641269
646815
687411
696381
705830
707893
708399
710938
727831
731407
754028
771126
780070
781145
786490
786649
794906
823151
836050
836966
858785
859143
887758
887931
925500
928847
936581
937133
938908
944052
997691
1004596
1005737
1073807
1079592
1080087
1092420
1093064
1102638
1119611
1144967
1159039
1180073
1211045
1239754
1276919
1294016
1325474
1328725
1332145
1338473
1353703
1393233
1414569
1415506
1418673
1429376
1429640
1429740
1455528
1478615
1485144
1515938
1520229
1524307
1554796
1595136
1597318
1604889
1611170
1631023
1646576
1662319
1700412
1704871
1749632
1758023
1785239
1799658
1803918
1811228
1827777
1841168
1862275
1886193
1888165
1906161
1922115
1970777
1994274
1997818
2002434
2024742
2027743
2031368
2043638
2050288
2061817
2077251
2103248
2114535
2127589
2134672
2148955
2165156
2176936
2189519
2191106
2200986
2205658
2221422
2244769
2256009
2257956
2262361
2268618
2295738
2300737
2309236
2313944
2358444
2374699
2422903
2425058
2446808
2451400
2462510
2476354
2476598
2522734
2522877
2544855
2561303
2600487
2605263
2616866
2625952
2638363
2641690
2650703
2685121
2686954
2708182
2720320
2755953
2761756
2771833
2803559
2812356
2837880
2867148
2886752
2887275
2898814
2914382
2977124
2987102
2994014
3008861
3012480
3042754
3060878
3063000
3063736
3078494
3090230
3099298
3099352
3120447
3130577
3144327
3202662
3206675
3207335
3221922
3222936
3243781
3315241
3328711
3339589
3394092
3399961
3419718
3420995
3468984
3472610
3495453
3524200
3563334
3564751
3570033
3649243
3695587
3721034
3749114
3755859
3762062
3799827
3807053
3846749
3876351
3908887
3919090
3940314
3974130
3986095
4000872
4002807
4008636
4024190
4038983
4040985
4048884
4053160
4060567
4092358
4094617
4112345
4136247
4144248
4164907
4174879
4280939
4301278
4333763
4339969
4340946
4359763
4373729
4384335
4422514
4430749
4469243
4483869
4498597
4513536
4574329
4607521
4621944
4622263
4664556
4676653
4688595
4689937
4701166
4709809
4727689
4747921
4758525
4785346
4798229
4860290
4866719
4881132
4886672
4904724
4926745
4933970
4955497
4976604
4994123
4999196
5015697
5017264
5030205
5046902
5137275
5142986
5159487
5173275
5174007
5197940
5205442
5210422
5254111
5299788
5311714
5318123
5338648
5390037
5391604
5392683
5409594
5410141
5417721
5446159
5448611
5450683
5471164
5474683
5491998
5497344
5501567
5502060
5544339
5550912
5567254
5616133
5624163
5636324
5656990
5674453
5713078
5722372
5738453
5744603
5748334
5770383
5839833
5862041
5868526
5871497
5876881
5885965
5895982
5905265
5969698
5998941
6012191
6016088
6040471
6040628
6051966
6071033
6100765
6104443
6108554
6131679
6139849
6142388
6150186
6154004
6163580
6230809
6266261
6272270
6282832
6286989
6303796
6304477
6308343
6313353
6340547
6351958
6369890
6397822
6418257
6456906
6458692
6476122
6519525
6530517
6551234
6555650
6577661
6583558
6594382
6596985
6628663
6635063
6663177
6721564
6725470
6730064
6746499
6747212
6754056
6771582
6784042
6807543
6849115
6850750
6876296
6895506
6918354
6924280
6925131
6988766
7018587
7027461
7071142
7074035
7140602
7158814
7159235
7180594
7194386
7212331
7249096
7284528
7366292
7386086
7411293
7439661
7443482
7460389
7580547
7641360
7664104
7672249
7691949
7713666
7743493
7778967
7798183
7838255
7875172
7916958
7985149
8008383
8042651
8049888
8064241
8074042
8121004
8151508
8166403
8213038
8218855
8310956
8319367
8383722
8383816
8427666
8444420
8456687
8476485
8481522
8539700
8544707
8609423
8626793
8654819
8660342
8662597
8681501
8684925
8734539
8747729
8749158
8757516
8798671
8804220
8810875
8863661
8868100
8931060
8945803
8988603
9045367
9066042
9069294
9131551
9183649
9238895
9244887
9246217
9302945
9340963
9389690
9391959
9398767
9432526
9458644
9462134
9484122
9491337
9511908
9522311
9531913
9546641
9548687
9587511
9624116
9732455
9732617
9749850
9878652
9909092
9923944
9948129
9953477
10055577
10059725
10060224
10066812
10125801
10142489
10143983
10186691
10200299
10209903
10219511
10244672
10279479
10291277
10316505
10380778
10405006
10410991
10420808
10425266
10427422
10442844
10490397
10536454
10552885
10588636
10594587
10603098
10605011
10608336
10630568
10644729
10650983
10674840
10705441
10731204
10782871
10784321
10815418
10829945
10831143
10886339
10906523
10915958
10930446
10954053
10960270
10975994
11016086
11024318
11040917
11064887
11065208
11073542
11139324
11233827
11255349
11282538
11289551
11296369
11329275
11330316
11348200
11356300
11362311
11379759
11401302
11431380
11451357
11570741
11577616
11596004
11610611
11616089
11641000
11662254
11674193
11678000
11722399
11728969
11743689
11746703
11757439
11802404
11836293
11854966
11892915
11893727
12008987
12025667
12027043
12048399
12071102
12075297
12083084
12087857
12247644
12292756
12365953
12380281
12411723
12438289
12446660
12461304
12463802
12502211
12526300
12555967
12561371
12569908
12573350
12574658
12622063
12624161
12644660
12695029
12761952
12780399
12841918
12856473
12865199
12900589
12908770
12909562
12978007
12986071
13030584
13061620
13076369
13076455
13079318
13087230
13132892
13162752
13163352
13174695
13189037
13209744
13216147
13256596
13286692
13289100
13301089
13310939
13321095
13324089
13380456
13419752
13440568
13443010
13445189
13453214
13520625
13526137
13587684
13602912
13623260
13638893
13654543
13673291
13682259
13706015
13708058
13729563
13739749
13746073
13771045
13830140
13839624
13872010
13968912
14022425
14048908
14051625
14071602
14094358
14122431
14232018
14245988
14250130
14260606
14336302
14362460
14376405
14387216
14417652
14417761
14456353
14470714
14473482
14479302
14492466
14600030
14606747
14663723
14674066
14687123
14727271
14745255
14793433
14819945
14820620
14903728
14906708
14936624
14943300
14982160
14998175
15004805
15011289
15024910
15086436
15091387
15150119
15173212
15202710
15314987
15344161
15359147
15379701
15386581
15415433
15437479
15502455
15512288
15533820
15540127
15544936
15558986
15603097
15608360
15612294
15627627
15634122
15680373
15723958
15749004
15779758
15798981
15799746
15812285
15845954
15861096
15862940
15866754
15868321
15870427
15942503
15977732
15989702
15996406
16018636
16062628
16066788
16105620
16107971
16122371
16123852
16146723
16149184
16153834
16219130
16223785
16231519
16274064
16286231
16289605
16293930
16306870
16356641
16394567
16433367
16442576
16478295
16498146
16536383
16540570
16592101
16615433
16672592
16701797
16733770
16735161
16768236
16769840
16797916
16816960
16887840
16905673
16923711
16960003
17013781
17046677
17072725
17090234
17116637
17119734
17240839
17298782
17310924
17360000
17361246
17377614
17384139
17431174
17441646
17462232
17475912
17509019
17583145
17612732
17629887
17638125
17693271
17715898
17804617
17863856
17870423
17889274
17935214
17956450
17977363
18007846
18103859
18178367
18300868
18333767
18377922
18408382
18451385
18453643
18523140
18553213
18591427
18626831
18631777
18632162
18634567
18646683
18719927
18731159
18738419
18812118
18864568
18901457
18913483
18971119
19008794
19014962
19029694
19032317
19097122
19150130
19189952
19217972
19270673
19356272
19473006
19613638
19679032
19710757
19741057
19767148
20035230
20061968
20063298
20084797
20097196
20110247
20130266
20145749
20209479
20234180
20249619
20270204
20275234
20311763
20349981
20455349
20520212
20595794
20664906
20706410
20753707
20806115
20905299
20993440
21058837
21066761
21139379
21140430
21151107
21153541
21175869
21203411
21232702
21246636
21256983
21259112
21293749
21348596
21361786
21411314
21437571
21650280
21662377
21742468
21780750
21810264
21854817
21881145
21903974
21915507
21982076
22001703
22007850
22018735
22051757
22206208
22292797
22295768
22326523
22387290
22445413
22468274
22529352
22554219
22736146
22761975
22800069
22859986
22889465
22915573
22964397
22992843
23067296
23140433
23182367
23189645
23197833
23210547
23290846
23294034
23297440
23303937
23356111
23397181
23466940
23507965
23567465
23594760
23601163
23630174
23632092
23633253
23700554
23702564
23726198
23741254
23790076
23794998
23957157
23989939
24010834
24159204
24179273
24210387
24422805
24428736
24692928
24780901
24781259
24879715
24880260
24949542
24994941
25010042
25049358
25096189
25129162
25195717
25219771
25277120
25302776
25317012
25337776
25473441
25486457
25597003
25612171
25615790
25674016
25694653
25807409
25829750
25847782
25946008
25950747
26010252
26050014
26058776
26076709
26082230
26087436
26186244
26291815
26322081
26354333
26389446
26423657
26500093
26506389
26508915
26528836
26620684
26676307
26730599
26781174
26839579
26885671
26908772
26992065
27001372
27012561
27029164
27082060
27183344
27286129
27310440
27325161
27340197
27355079
27391915
27409407
27428716
27474527
27487486
27494023
27585218
27655045
27680639
27695370
27725667
27775888
27845690
27877207
27897323
27914864
27919755
27920701
28052627
28145473
28159987
28301220
28340064
28348869
28503206
28526875
28541746
28583753
28650761
28708871
28781307
28943949
28969438
28988952
29014536
29017437
29079101
29085413
29129489
29172731
29186250
29195161
29228473
29282829
29284591
29286709
29339069
29379109
29558866
29763851
29832024
29851897
29854223
29909429
29967578
29972185
29978562
29991893
30058485
30129100
30142913
30143835
30200332
30235886
30271426
30284347
30428919
30454109
30458088
30514105
30566937
30586237
30656535
30674337
30687915
30723112
30754925
30790165
30825877
30865330
30878739
30969336
31014726
31091486
31222916
31292553
31396858
31518396
31618716
31627506
31677573
31815931
31897447
31922153
32048342
32069795
32365514
32502430
32529289
32539411
32541983
32577251
32691651
32807947
32874009
32963174
33162845
33189000
33195845
33224014
33248128
33287319
33335148
33395194
33448760
33477261
33489322
33685176
33803934
33816759
33904574
33907898
33913746
33992539
34071434
34154946
34155577
34203507
34314032
34321181
34377880
34384073
34385856
34411000
34465748
34482834
34565938
34602416
34722022
34742991
34836648
34852695
34938532
34938558
34942634
35005147
35012826
35021114
35028935
35049809
35069094
35070325
35134915
35159910
35282855
35348620
35472864
35482818
35487963
35516427
35541233
35550483
35636894
35644904
35681375
35681747
35749566
35818392
35889540
36175096
36188841
36303512
36315170
36340437
36433571
36435448
36443327
36480848
36523627
36596320
36603327
36614315
36656759
36801305
36806495
36857218
36921305
37140170
37197364
37255308
37255487
37401871
37422417
37467564
37565743
37574937
37623390
37656554
37695594
37740898
37776574
37910802
37920836
37952634
37975008
38082024
38126148
38166733
38229288
38286700
38380026
38507072
38527943
38652093
38713150
38751834
38789128
38813684
38836260
38855705
38866773
39043871
39100488
39292710
39302651
39404547
39532998
39586891
39602950
39793415
39805414
39840906
39842327
39872850
39945245
39983838
40021821
40069799
40113259
40150539
40236245
40368015
40497828
40512824
40595633
40597911
40802495
40886315
41011349
41050432
41248608
41351914
41402682
41537589
41623164
41673647
41682271
41753854
41881084
41915894
42000107
42041063
42066992
42246271
42404937
42561312
42583234
42623903
42673222
42789719
42845707
42876367
43028455
43082678
43222922
43372376
43579505
43653765
43682328
43712896
43745420
43897459
44121268
44183974
44224505
44273237
44364963
44377938
44412446
44428284
44495537
44549028
44734336
44815690
45172526
45180453
45264693
45447459
45476202
45478192
45530844
45559111
45694435
45784520
45962866
46001195
46004426
46174332
46207984
46211811
46223628
46286597
46311309
46395798
46554432
46656129
46668205
46708249
46738500
46919146
46991871
47067128
47067283
47072413
47159805
47179250
47295787
47332815
47346779
47364004
47387154
47560454
47593078
47630482
47666333
47719678
47785562
48050021
48103633
48122785
48169097
48234407
48467261
48548940
48591611
48657816
48739927
48919557
48948756
49004851
49027624
49030424
49388333
49516051
49570405
49717596
49826144
49829468
49837395
49862738
49864619
50063888
50285831
50401945
50474248
50686823
50810356
50812158
50919390
50997112
51056244
51098431
51224770
51292232
51577241
51773431
51863027
51915217
51920423
51921837
52085521
52185888
52205728
52373414
52485127
52577429
52798605
52845653
52927110
53107163
53164596
53190960
53243557
53264294
53300253
53312658
53337103
53381201
53506252
53640166
53684524
53778763
53896670
53912091
54097159
54255988
54294601
54454911
54467571
54599763
54696294
54720847
54794046
54822620
54951415
55023028
55131227
55142925
55318282
55554011
55591075
55654744
55848729
55918083
56008898
56091784
56181303
56233533
56362218
56497275
56591740
56750655
56801233
56861050
57068095
57901256
57908957
57915389
57961497
58037582
58073983
58111907
58203276
58212337
58250323
58319880
58434180
58523252
58533087
58543834
58735939
58817417
58839058
58872182
58872804
58894561
58919192
58934293
59004238
59144257
59397151
59465099
59517690
59527668
59699399
59734909
59854481
59902201
59998405
60119736
60143701
60701643
60848794
60875281
61075187
61119934
61299013
61308714
61510136
61570655
61755454
61789164
61966950
62359568
62379950
62571618
62850689
63018546
63112768
63118085
63184997
63413789
63641547
63652244
63871624
63974449
64426673
64955872
64979628
64981225
65025219
65081935
65405794
65482626
65677905
65756760
65915340
66036545
66037504
66220773
66716641
66915094
66950746
67125697
67250062
67435846
67470584
67699782
67785176
67790930
68066528
68266206
68334478
68358706
68403155
68410904
68481720
68510354
68698668
68898961
68901414
68903085
69170639
69226678
69295512
69352199
69482641
69611349
69781462
70127989
70243774
70455628
70975037
70988868
71127199
71247488
71379610
71528234
71681318
71823589
71830252
71974394
71982754
72033356
72075731
72141937
72154563
72538174
72603583
72780387
72783505
72959988
73064738
73086037
73164608
73194767
73423307
73653294
73659101
73680775
74023346
74040881
74096762
74101955
74154124
74232962
74297212
74484502
74492783
74507447
74575509
74599414
74694396
74721423
74806856
74825405
74840514
75006016
75229049
75471352
75550678
75571309
75629700
75730038
75984370
76420763
76610412
76639911
76732894
76910960
77062081
77124878
77198343
77290531
77392394
77505648
77531642
77589860
77604312
77632368
77667692
77742761
77849462
78031927
78424586
78575762
78783644
78975240
79017806
79075542
79106763
79129157
79295658
79313432
79405005
79539445
79895135
80255707
80336132
80654484
80709264
80889317
81117908
81187685
81201680
81678686
81975713
82051352
82222351
82283007
82290993
82382609
82588573
82671472
82705289
82733579
82802248
83146696
83298868
83343948
83528985
83593718
83629039
83780342
83868904
83880588
84109524
84118752
84258083
84626619
84684219
85030023
85280925
85570469
85865007
85988010
86397712
86522058
86532180
87029849
87039755
87119954
87156357
87543489
87588880
87596812
87694590
87759575
87760405
87768486
87962850
88627080
88731074
88785161
88846595
89001970
89105359
89120789
89162770
89568397
89677351
89862375
89957048
90170731
90270052
90381891
90423956
90439374
90763761
91114190
91190030
91299620
91443301
91520542
91742296
91962608
92059365
92462259
92611750
92666458
92755465
93406475
93572845
93706546
93761908
94034192
94407899
94490419
94672366
94916844
94989775
95051475
95220227
95715215
95786390
95873964
95892789
95963340
96007715
96098293
96145529
96276830
96534763
96658366
96720087
96924689
97104754
97350541
97485501
97658786
97701731
97844922
97934375
98067734
98479384
98495810
98597912
99007197
99056736
99691283
99764338
99942311
99955210
100286791
100561085
100744854
100990129
101648855
101745604
101968265
102479479
102515603
102932820
102978109
103065118
103622472
103709876
104106281
104257195
104421066
105034834
105077111
105939786
106138920
106264283
106333033
106441974
106833552
106867297
106982825
107150856
107175524
107347204
107763781
107873270
108799807
109691967
110141553
110145024
110967172
111789172
111807989
112188635
112446551
112508376
112781151
112857526
112999834
113095171
113403843
113424331
113760424
113971115
114099368
114348371
114477716
115728639
115925951
115960931
116066835
116468093
116496394
116800140
116997835
117231929
117241995
117263975
117566733
117617897
117692419
117734069
117931905
117933968
118222701
118245182
118339915
118479482
118481643
118680761
118683911
118781571
119104615
119220820
119324340
119375344
119473216
120338503
120414180
120470698
121196005
121376895
121421154
121719259
122387338
123018095
123129501
123599793
123714838
123939150
124837260
124927999
125574191
125723194
125929951
126402604
126652221
127289865
127629314
127861792
128002811
128732246
128831759
128960744
128978385
129146167
130247833
130477394
130509004
131240189
131265242
132321567
132680611
133110886
133377111
133377942
133387309
133487299
133570161
133876761
134785428
134924159
134947092
135238285
135395199
135453715
135830625
135937470
135985831
136073480
136444760
136734830
136912112
136928656
137195366
137448526
137519281
137527786
138318428
138517633
139846308
139906169
140022685
140802260
141195004
141259621
141296017
141397300
141743657
141990167
142055678
142425260
143057808
143509081
143744624
143951164
143987865
144469758
145057602
145278461
145598026
145934617
146173053
147424349
148730193
149116781
149250787
149551901
150235953
151369820
151812060
152660304
153891553
154147207
154512988
155045921
155054775
155597196
157511496
158368488
159480982
160004095
160204360
160799865
161029866
161164388
161216308
161578843
163178044
163716711
163945345
164019096
164020106
164583892
164600664
164944148
165343557
169734986
169798110
171810751
172400596
174085661
174241574
175741143
176466795
176901199
178193299
178404786
178464266
178585924
179517844
181294051
182579147
182585912
182589730
183300922
184124527
186515814
187375341
187960156
189006322
190613642
193535341
193620378
194474458
195390100
195407921
195609035
196024469
196358660
196810674
196829861
197348653
197487144
197703478
197765583
198755746
199589674
199963844
200054970
200278295
200938499
201426332
201546679
201748234
202209664
203233514
203370778
204321721
204580261
204728507
205020351
205639115
205948980
206525073
206727919
206772111
207895261
208489082
209051916
209306693
209584870
210496747
210546657
211498712
211639536
212387678
212405558
212456098
214073165
214631945
215468687
215512054
215601195
216135971
218066792
218339589
218381989
218523413
219154317
219235778
219322830
220749102
220801067
220836055
220865555
221789044
223007485
223065932
223380254
223436624
223446532
225880698
225888745
230160060
230917664
231340073
233197077
233465019
234568817
234766283
235646112
236498619
236607539
237061730
237166575
238042788
238317749
241877056
243304801
245254302
245567681
246296575
247280091
247644898
248034496
249170968
249219649
249544933
250004630
250733465
252485610
252490434
253090794
253662301
253720767
253844993
253960477
254890171
254971375
255390051
256231795
256283895
256525754
257548612
257984636
258387244
258600867
258720972
259223980
259954237
260592870
261136622
261631241
261671705
261715749
262031151
266061695
266450532
266489671
267361814
268298119
268609498
268938277
269106519
270218683
271756141
272601601
272890578
273038416
273160587
273161514
277357896
277570167
279069724
281242622
282915464
283216137
283595818
284121955
284562364
284804326
286096827
287212257
289783226
292421899
293104992
294105675
295826480
297118743
298642913
301095525
301781062
301949163
303295061
303673158
304125692
307087964
307203896
308516571
308758732
309610921
309976970
310515078
314104303
315874169
318248618
318734074
319890152
320789000
321788143
322643288
323578804
325018670
325018814
325892683
328408550
329231754
331167121
331167410
331328082
331431228
332929695
333050067
334242262
334447383
335066724
335812561
337348615
338235949
338921047
339599934
340233703
340428134
341029862
342207340
342369347
343666652
343682485
343999190
344287589
344520043
344804979
345301076
345914162
348717430
349477757
350500398
352374326
354339535
354952734
358095285
358709850
359958730
361358615
361507085
363066074
363423870
364175827
364199161
364367761
365927724
368750989
369119537
369987247
370695640
372795618
376067394
378008437
380942448
382020302
383158992
383584304
384139452
384506662
387317325
388120241
388582471
389831569
390275990
392253078
395626533
396044150
399447705
401815908
402303891
402592773
403039428
404071077
404396203
404779487
404996166
406105169
406308346
406392948
408906191
411665325
412031540
412518374
415378109
417844681
420133201
421187759
423390849
425473387
429091076
431116176
432016275
433927815
436318286
436489266
436775237
436811043
437525676
438021586
439814347
442722808
443580775
444847436
445621816
446759862
447625574
447745365
451430664
452560621
452991824
453800948
454272062
455365117
456075496
460057645
460079487
460870868
461457548
462309328
462333432
462457586
464797208
464981829
465399535
466523491
470400457
470958721
472864778
475728674
476228755
478738382
481807269
483619779
485310456
486103096
487760768
488786539
491628776
493138067
493147587
494651714
494747651
495940756
497364115
499159442
501137504
501362804
504604906
506470362
507080182
507745070
510579096
510649857
514694923
515222264
515271270
515369051
518680881
519162437
519310406
519595698
521197618
522746373
524344681
524756020
526231532
527934713
528099097
528384934
529752537
530189848
531338307
531982337
532193775
539194692
539868915
541814826
542199247
544496425
546072150
547295205
549099049
550921925
551140785
552197186
554536880
555733424
556244489
556940954
558006474
558393043
560580257
562682680
563191234
563297059
564268001
565357892
566491202
568688463
572038556
572877284
574185348
574984409
577021357
577947746
579235215
580293164
582380741
582492400
583605881
584946744
585268602
585585942
586254902
586482772
586729420
587844140
588003656
588149980
588326497
588421237
588926398
589636286
593062046
594143914
598928988
599173160
599440421
599993636
602498043
602564889
604594503
604990733
605363205
607489756
607988113
608736142
609352764
610327053
610727115
611350351
611709027
612067305
616560391
617287784
617405977
617775821
617989543
618376837
618445195
619833910
620946371
621450060
621554260
622369296
623053781
623340629
627317158
628183742
628347751
631013007
631800165
632100717
633181212
633607176
635825886
637848233
643184695
644447975
649170043
651025171
651933031
652190756
652413261
653056377
653941647
654348367
656298508
656371709
656629749
660066060
663606975
665427417
666120290
668257012
668690561
668712510
668821730
669621106
669866570
669918170
670466333
672665118
674290555
674966880
675362577
675496314
676918411
677044016
677209784
678389925
679127313
682600556
684360512
685705351
686587934
687149114
688234344
688457094
689790680
690722034
691371775
691559831
693537414
693588590
694842922
695861839
696053481
697307597
698482596
699143978
700890348
701792381
702548205
704828011
706943266
706990519
707853526
708197928
709619593
711102782
713287355
714271570
715237518
716736400
716742692
721840236
722236900
722278629
725030383
725350743
727376724
727529440
727962350
728236951
731532641
732385555
733460762
736027556
736081655
736656799
738274021
738874850
740617521
741021454
741080453
741130842
742271530
744354887
745268568
745330118
745342039
745442063
745550546
745555523
746403667
746410732
747654872
748139520
749050010
749914822
750114457
751124297
752593726
752857136
754341591
756538216
757203626
757495810
758746073
760544531
761348282
761498728
762332084
762781001
763678456
763801032
764018609
764250092
764582378
765307499
765439693
767076919
767547659
768328481
768850033
768974409
769640794
770254210
770809853
771576798
771967080
772114983
774053693
775759989
776092196
776432403
776654066
777444203
778045983
780019843
780242658
780291398
780462911
780494308
781018777
781083899
782594203
782970227
784392901
785980160
786214073
788019187
788225529
788476361
789431146
789490472
789837816
790088119
790284940
790723608
791323985
791947005
792075435
792162532
792216905
793233575
795313887
795935974
796632981
798593472
799095922
799234854
799684162
799690936
799759821
800026566
801439623
801821871
802525975
802730422
803200885
803477435
804075688
805018185
805227135
805648148
806881001
807303322
807543636
807629826
808080740
808177896
809158796
809563542
809942071
809986684
811051478
811719294
814704400
817070114
817334771
817580667
818216844
818784679
819164396
819306727
819410761
819440307
819584536
819758399
820225665
820546362
820906782
820916017
821353110
821548431
822564187
822596826
823094619
823312350
823610771
824388253
824734284
825033056
825224242
825286920
825454470
825456782
825804819
826417199
826434376
826957876
827222925
827462912
827563089
827781997
828176340
828301886
828563333
829536530
829606652
830241086
830356070
830643855
831271836
831799967
831907453
832111958
833287216
834453731
836152511
836869580
837715744
837831212
838564088
840083517
840490552
840612427
840963236
842704068
843390858
843411800
844169767
844202426
845326758
845383935
846063102
846085232
846256513
847452565
847720168
847744955
847852625
848223313
848592539
848721965
848797152
848882338
848978233
849071606
849505985
850480768
850930118
851494512
851780190
852928389
853316300
853508102
853890678
854391036
854550838
855016123
856182670
856225724
856290462
856445622
856546330
856670692
857442657
857569965
857687620
858125775
858291450
858405846
858852780
859030794
859193780
859267586
859725280
859824491
859893439
860254045
860986140
861083160
861879039
861993964
862035954
862219484
862483059
862531542
862886555
863188108
863621784
863755547
863952866
864289047
864385407
864691948
864698684
865117851
865611238
865843312
866434807
866615536
866643232
867031490
867066815
867118385
867173328
867383366
868164581
868235116
868680089
868920536
868947292
868971557
869573897
869775097
869784794
869863272
869904483
870289697
870797546
870814874
871386988
871494140
871663228
871932282
872044904
872080522
872267163
872534937
872722621
873725285
873950732
873962052
874477781
874617489
874631380
875440256
875555079
875999911
876117469
876138925
877239871
877424591
877861493
877887651
877903668
877931039
878272335
878892170
878901494
879190909
879603411
880060216
880375830
880468408
880780855
880816276
881415458
881424202
881442485
881801892
882091256
882134190
882924195
883008976
883090326
883301798
883595257
883857991
884211121
884475202
884617271
884820564
885343552
885348953
885928329
886421953
886520699
886828174
887164767
887341828
887414870
887840162
888151573
888537031
889258486
889420136
889501303
889753963
889951557
890181026
890869016
891380288
891844886
891868765
892208437
892900691
893360557
893367882
893379497
893681708
893815839
893868933
893953957
894087684
894145315
894196993
894419162
894491330
894724478
895027034
895730844
895817690
895827116
895833532
896436635
896616036
896703044
897125875
897198795
897285706
897337915
897371375
897808692
898120299
898165365
898182605
898533533
898591516
899172746
899176169
900173220
900231602
900303651
900430984
900723338
900928135
901432501
901538372
902128274
902251868
903214432
903355317
903456895
903834921
903899752
904119551
904550131
905028701
905145103
905177724
905860842
906456124
906589243
906945007
907938265
908345054
908348078
908487040
908524114
908635257
908660051
908838300
908914951
909406734
909653259
909948527
910032177
910191280
910196986
910459645
910737034
910861115
911191234
911191564
911351070
911372457
911464220
912503227
912732015
912740311
912775932
913434971
913571846
913660352
913798713
914089913
914175352
914313415
914370424
914503845
914612011
914937830
915188605
915226563
915481253
915632948
915966900
916024547
916082640
916089243
916189592
916298832
916342507
916459726
916526514
916783882
916820271
917188457
917193618
917564905
918238027
918310063
918318833
918362036
918432664
918611396
918702837
918837719
918898024
918985005
919212053
919588025
919860143
919888110
920247700
920356737
920379246
920380924
920563559
920815985
920881564
921440617
921866914
921903025
921986246
922199379
922360762
922384745
922484650
922514437
922583156
922699606
922920279
923284516
923343142
923414067
923473440
923718291
923861365
924222253
924234042
924407028
924428810
924533464
924611389
924624257
924749151
924944893
924981771
925507948
925902275
926347318
926429590
926610083
926814950
926835857
926952773
927052566
927309172
927569076
927598984
927679900
927926108
927927960
928042072
928064497
928163759
928189749
928295205
928455831
928492447
928533859
928739728
928780220
928813036
929018121
929051316
929067920
929137147
929207216
929603842
929833117
930050003
930121221
930351434
930599033
930714504
930768616
930829840
930833803
931040467
931147622
931404575
931418834
931898232
932008638
932105195
932198748
932217723
932380504
932404255
932607131
932623407
932887292
932994602
933110508
933526955
933593643
933743320
933784496
933798957
933807199
933810207
933971163
933997520
934155392
934261373
934323519
934478233
934488919
934801478
934848721
935172293
935634999
935684838
935784545
935799547
935824389
935922946
936009337
936080334
936130543
936269501
936305856
936410991
936418700
936598303
936621225
936698413
936710030
936711595
936947498
936988144
937119447
937133322
937197147
937227121
937264174
937335635
937369550
937592153
937704327
937720690
937744768
938116968
938209915
938284548
938389633
938620914
938648268
938749134
938914006
939097167
939174120
939222655
939275787
939590846
939617089
939759713
939891255
939941497
939943566
939964149
940176597
940195471
940243890
940316779
940324120
940420280
940731480
941459082
941536612
941673167
941689547
941839590
941997415
942090868
942146426
942181409
942235394
942340528
942380656
942491349
942528192
942602245
942629860
942686539
942750978
942913092
942946158
943081083
943152155
943257310
943361158
943581038
943592836
943601278
943683740
943879678
943880401
943913047
943930239
944018056
944039806
944213587
944242539
944260011
944457809
944649267
944819701
944851227
944912083
945011041
945264515
945313512
945666577
946238445
946247669
946506474
946518804
946714739
946753812
946821066
946833418
946881175
947088685
947152078
947209271
947244974
947434806
947693752
947707338
947815268
947926587
947932208
948024648
948133698
948174503
948188826
948291604
948349987
948353785
948424821
948690220
948701618
948729540
948799121
948960770
949125054
949276041
949381299
949431278
949454700
949729401
949731753
949788552
949942674
950093870
950198953
950215860
950258160
950314828
950345041
950369718
950421081
950559111
950559447
950744035
950987245
951002020
951065565
951281279
951426955
951584585
951587863
951606690
951755511
951777110
951808328
951825071
951846188
951871885
951900049
951908582
951911645
951985696
951990591
952008767
952061456
952145574
952276564
952483792
952645817
952657298
952799069
953263803
953264459
953403979
953470431
953626822
953665613
953731624
953770188
954209648
954230431
954622700
954643168
954699860
954746404
954784586
954927098
954990704
955061501
955176838
955182507
955505501
955581207
955601533
955610157
955671089
955908195
956034377
956076294
956092874
956192056
956203052
956207455
956320309
956338070
956801310
956885541
956887078
957012435
957200894
957428338
957435522
957622393
957633133
957795818
957938045
958027744
958188973
958201252
958217347
958230248
958280656
958389147
958432054
958444495
958607582
958655891
958679281
958771443
958788593
958917679
959135766
959151400
959175463
959196925
959241590
959324841
959359584
959382804
959422664
959499938
959638992
959656030
959725488
960022406
960037312
960066275
960106638
960163547
960299195
960321771
960347051
960353326
960415049
960436822
960826099
960867649
960983980
961006809
961009618
961108143
961131261
961269225
961281235
961302776
961370244
961381888
961448780
961477637
961526646
961556956
961636082
961881119
961965241
962043006
962177557
962181656
962284253
962294852
962312755
962313390
962363805
962559399
962569234
962570346
962624613
962660911
962692897
962745222
962772479
962841952
962862176
962866507
962880944
962891363
962934537
962992083
963021977
963056216
963154669
963223785
963291128
963312987
963317749
963324039
963505757
963584610
963744704
963780276
963806406
963854530
963934447
964069591
964083690
964227097
964246100
964286974
964340262
964404285
964410340
964484899
964673677
964675992
964758434
964852552
964926691
964962431
964997201
965007904
965078125
965139358
965141660
965165878
965199862
965203646
965380733
965435506
965476932
965479302
965485604
965617553
965651143
965692129
965720146
965722418
965958514
965965373
966026402
966063774
966083426
966127154
966129606
966233088
966353800
966389294
966453402
966532709
966633829
966688584
966691232
966765457
966784950
966793254
966868088
966939982
966968862
966981983
967041825
967042422
967051283
967101930
967170909
967225194
967241213
967275463
967289066
967316302
967449146
967483396
967529011
967535283
967633601
967740579
967855337
967865010
967866239
967888392
967961959
967990470
968093297
968122776
968128215
968139074
968150527
968280986
968282951
968366613
968419667
968476901
968501620
968541030
968676791
968836381
968934327
968948106
968992082
969002183
969014149
969056531
969071469
969113546
969246478
969265383
969295043
969334435
969435107
969447707
969454128
969480199
969651892
969686794
969736038
969753247
969772939
969899994
969934066
970076727
970166652
970265178
970272725
970296808
970301072
970316476
970370197
970413162
970450261
970488819
970495579
970503720
970507466
970533615
970607756
970682600
970711945
970742975
970763799
970784146
970803387
970895235
971136376
971172984
971194576
971233807
971242325
971266640
971343114
971348765
971391396
971392600
971467102
971506267
971576380
971596082
971747385
971909436
971935249
971941607
971950891
972000835
972011514
972030291
972030729
972051714
972084719
972090900
972220675
972257442
972312377
972354758
972506901
972609392
972667239
972697665
972711483
972785719
972799429
972804407
972841445
972897351
972921026
972937851
973010594
973018996
973051199
973090107
973105832
973142560
973160664
973313880
973345386
973393211
973411427
973414207
973426204
973541499
973542060
973555419
973558505
973567065
973662790
973669969
973720567
973732270
973763964
973937309
973940945
973952185
974105924
974150211
974169388
974172930
974174787
974176200
974205116
974309929
974380060
974445754
974446170
974447278
974492689
974529646
974535042
974553212
974566473
974598383
974707029
974711098
974715374
974753440
974778172
974804145
974810052
974879511
974932788
975120010
975156493
975163427
975163582
975184165
975238479
975306766
975346961
975362185
975382006
975481765
975594088
975602399
975617105
975662336
975737175
975790569
975795817
975812623
975851118
976083680
976153752
976290163
976292768
976307192
976357118
976359074
976431908
976435780
976568934
976640628
976655432
976670849
976688310
976698769
976706634
976789794
976823668
976826894
976862898
976872401
976905798
976929119
976959294
976986691
976998847
977059213
977129361
977148061
977152967
977155696
977319045
977323918
977414512
977483666
977517487
977561771
977616264
977622873
977630082
977634300
977646330
977650519
977697582
977795164
977818702
977841601
977844316
977882569
977982748
978033109
978048222
978096537
978123570
978227854
978274428
978275335
978299271
978332339
978365657
978404833
978529630
978536631
978582516
978637964
978645885
978686016
978694972
978715339
978723987
978752280
978762979
978846119
978847973
978861015
978919947
978950769
978956059
978985802
979068179
979072434
979075391
979172097
979211423
979290379
979293531
979343457
979364368
979382331
979414180
979437704
979478640
979638330
979670877
979678930
979745330
979887134
979938407
979942813
979971568
979988030
980001439
980016191
980061109
980078147
980081367
980124674
980133355
980135813
980171517
980206752
980234980
980250706
980262043
980342853
980352253
980439274
980482926
980521862
980532908
980533208
980541552
980582695
980616796
980648540
980669830
980694259
980718922
980734373
980754395
980830378
980849154
980856953
980909651
980924016
980957653
980960899
980979199
980984473
980988399
981066598
981103358
981112817
981215204
981242401
981250250
981262829
981289327
981291527
981347543
981368182
981373448
981399962
981419188
981524520
981553286
981601349
981680950
981749604
981803124
981875019
981904972
981907450
981951122
982114924
982142241
982169391
982241047
982268974
982294339
982368835
982442007
982445531
982471100
982510179
982522359
982528422
982552495
982573915
982607394
982625463
982646842
982649491
982655827
982673345
982690181
982691994
982704510
982747029
982787661
982807503
982857549
982958422
983019577
983086010
983097957
983122201
983124827
983143192
983173618
983305555
983338794
983343633
983347991
983369606
983370120
983386772
983441248
983452981
983466962
983474773
983534071
983591684
983607768
983723795
983752781
983767910
983814682
983855185
983874012
983896346
983902780
983905652
984004164
984118230
984136133
984155177
984159520
984181061
984182282
984191555
984262416
984270184
984291288
984310538
984321693
984341481
984346565
984378382
984388004
984394105
984654959
984665229
984690676
984702843
984722010
984827088
984843171
984851529
984934950
984936989
984938051
984957758
985002110
985010633
985051797
985163021
985180990
985260850
985261358
985268405
985269650
985293230
985295743
985345729
985347011
985363679
985388505
985407897
985429439
985537299
985555963
985562957
985567126
985567150
985583148
985608637
985638768
985671382
985760560
985772320
985792672
985829853
985861772
985875301
985904182
985912305
985922701
985941566
985959332
985999417
986045818
986070122
986196782
986199330
986218901
986236733
986256545
986283429
986326963
986367842
986375423
986386713
986423196
986460417
986477350
986481259
986492929
986502169
986550822
986557162
986565916
986596303
986620400
986620455
986633109
986640928
986695606
986765146
986772815
986775548
986784587
986796020
986815199
986824763
986831634
986853118
986906717
986964577
986979668
987057273
987071486
987125415
987158860
987214760
987228239
987277455
987290590
987361207
987372509
987420916
987432177
987454831
987468574
987486060
987517895
987574439
987628064
987639781
987657200
987657706
987661181
987676085
987693259
987712131
987728293
987799304
987863917
987883621
987892801
987909634
987919275
987936084
987936899
987944193
987965908
987968173
987998673
988028562
988069446
988071766
988074815
988104082
988107630
988141309
988164477
988205338
988205475
988215458
988281472
988292511
988308605
988317919
988356694
988362597
988365524
988395051
988490215
988498850
988500865
988526350
988596423
988597047
988627948
988699845
988734423
988737394
988775698
988802997
988831413
988837505
988848748
988858196
988894038
988952192
988956194
988992216
988992307
989014508
989059718
989115370
989148575
989160162
989168922
989188399
989244176
989295757
989301339
989347187
989433264
989520356
989524641
989532595
989553366
989566981
989586216
989615150
989646618
989661828
989671163
989696153
989725665
989810690
989820605
989850720
989850992
989867307
989953066
989968928
989975818
990041622
990089775
990091755
990113415
990170929
990171737
990205801
990247594
990259390
990295331
990307651
990350936
990367633
990378624
990382063
990407379
990426107
990429113
990441850
990446122
990459221
990493439
990549241
990569309
990617366
990621035
990655982
990662665
990684250
990684720
990705922
990759341
990813029
990819300
990832015
990906424
990939431
990941974
990944351
990962411
990964783
990983645
991008690
991040569
991072521
991072664
991120982
991148154
991151382
991152782
991156825
991181693
991187671
991298995
991327880
991331043
991336052
991377489
991380137
991381453
991405131
991413666
991427417
991432470
991441177
991457420
991457926
991464602
991496636
991515013
991520427
991544885
991596112
991604314
991640942
991668236
991669903
991719690
991750242
991802292
991815083
991816722
991836861
992015269
992029855
992076986
992100883
992109155
992114265
992123236
992136422
992170194
992179501
992183377
992199841
992204765
992220321
992234712
992243937
992303629
992315771
992320295
992346703
992357489
992426326
992461766
992533293
992537132
992555261
992564010
992571802
992577203
992657558
992686026
992704206
992763545
992798236
992809792
992845898
992863834
992868831
992879881
992918463
992936193
992942171
992976522
992987366
992998979
993034538
993084744
993119108
993125911
993133954
993178489
993181111
993188886
993191592
993200869
993265590
993339290
993339418
993358493
993462884
993467765
993469960
993534157
993559166
993560005
993609589
993638236
993643886
993655385
993678391
993715278
993738671
993779817
993811755
993832752
993884854
993891496
993897481
993918455
993933270
993942809
993952256
993954106
993978678
993978755
994017918
994038447
994042984
994045976
994056065
994062428
994094781
994105472
994119628
994196258
994208281
994213963
994220521
994223409
994225358
994274631
994310120
994372267
994403583
994411113
994413710
994414345
994418897
994437904
994451785
994456656
994462521
994509040
994514211
994525489
994527851
994532594
994555989
994583032
994597415
994602103
994636061
994641369
994667263
994669565
994702215
994741138
994777324
994810463
994813928
994830100
994876035
994888514
994914784
994926384
994933306
994952718
994995534
995008883
995009036
995034178
995062834
995096244
995112435
995115037
995121085
995122898
995124384
995138555
995163036
995170337
995176038
995194465
995197023
995200802
995207332
995221457
995241608
995247583
995251310
995271411
995297731
995299798
995342380
995368447
995372419
995374773
995387228
995387620
995399556
995423691
995437714
995439811
995457035
995476244
995485835
995543214
995545996
995569681
995584192
995676170
995680004
995681258
995682778
995690183
995700847
995701679
995734117
995839970
995845660
995846222
995851387
995856480
995862405
995896081
995900444
995929656
995942293
995954552
995968218
995970976
995973742
995976069
996002977
996036895
996037679
996042617
996082378
996092173
996097008
996108385
996126114
996130076
996142436
996193702
996218763
996228849
996250529
996272092
996274952
996283123
996303485
996316813
996367080
996398556
996409303
996422132
996422623
996446885
996452237
996482520
996501854
996509757
996541757
996572956
996593692
996678910
996679983
996761542
996790699
996846904
996893095
996907361
996915425
996929715
996951257
997009646
997052240
997052587
997054322
997068891
997075658
997116306
997126075
997130819
997173764
997180914
997181954
997224309
997257950
997259958
997284555
997297638
997314117
997314954
997342310
997353797
997357684
997369311
997403666
997427731
997444970
997460720
997465021
997470541
997475712
997489794
997494107
997529706
997530571
997563640
997565835
997585651
997597054
997654105
997681142
997692389
997716862
997725064
997729207
997787837
997789325
997812959
997831243
997847343
997872207
997875883
997882638
997888703
997892221
997897135
997897305
997938416
997938755
997953228
997961251
997966599
997989284
998002754
998014633
998017567
998034791
998053837
998055671
998071089
998083614
998100384
998104176
998120774
998141345
998153130
998200762
998210062
998210332
998277540
998323888
998340369
998341527
998359529
998367912
998389722
998390765
998406609
998442454
998500000
998526098
998526908
998539053
998554110
998605818
998607181
998608694
998616212
998633497
998654537
998662633
998763129
998770108
998774662
998785547
998791829
998820571
998842531
998853906
998857398
998861045
998861473
998862745
998894795
998907314
998907447
998934517
998961214
998986598
999041696
999052985
999082966
999098575
999099339
999158662
999198194
999199270
999210103
999219830
999252596
999270369
999272654
999330751
999330979
999334562
999375749
999423096
999430447
999436090
999464057
999472898
999485355
999502466
999521094
999532452
999537121
999540955
999546064
999552845
999555795
999557759
999566609
999582283
999637111
999648102
999668476
999673998
999680435
999683478
999705140
999727693
999733625
999761686
999762189
999769707
999828934
999830331
999841029
999867408
999873924
999900540
999909955
999911366
999934717
999939359
999963717
999970078
999971411
999994784
