32859
52063
59552
72226
105727
120610
213773
250447
252913
254842
269935
315714
317941
326263
334697
340951
396164
424653
443223
461168
479819
502161
516208
517911
523772
525094
536230
569897
572567
586420
628940
634806
635481
636476
647841
668378
669670
699026
721930
722223
738393
744919
775594
820637
843446
849519
856017
856310
872887
910652
928787
936038
1027513
1040436
1046414
1054638
1068822
1075066
1094490
1109855
1127928
1178378
1188104
1188766
1201865
1205437
1364975
1371403
1389393
1392350
1408366
1440179
1469301
1485391
1497141
1535533
1595296
1600303
1635474
1677725
1708042
1721217
1738750
1740970
1768723
1777963
1818321
1820383
1823114
1862933
1864704
1867466
1887772
1940979
1973527
2002220
2015369
2022189
2119359
2122968
2131362
2165174
2167164
2175473
2181443
2204267
2245310
2250612
2272023
2312063
2351355
2361298
2371389
2420949
2429298
2471776
2475625
2498120
2521902
2631326
2631548
2639471
2646968
2676323
2744345
2767681
2775606
2802857
2933339
2938244
2951603
2954320
2978185
2982141
2984953
2994047
2997484
3050162
3050909
3056077
3076911
3199597
3231451
3272797
3274122
3274762
3316449
3464802
3474656
3496808
3512376
3535564
3551002
3554694
3597996
3618786
3638518
3666146
3719906
3721300
3727492
3731184
3769230
3770935
3781306
3831878
3839361
3841083
3842198
3855452
3863764
3879189
3880004
3931862
3936292
3958439
3963169
3979833
3993176
4021316
4056859
4075907
4152263
4204286
4210291
4248769
4252265
4386438
4388185
4451937
4472308
4483258
4489096
4542391
4549108
4594233
4667160
4668394
4702183
4759234
4790411
4839031
4908429
4912704
4971154
5094579
5135607
5143173
5236815
5243972
5350455
5350527
5381238
5439774
5540074
5554824
5570119
5601476
5602142
5641445
5680594
5695741
5720624
5746379
5819637
5874691
5897648
5907627
5924842
5948844
5957227
5960029
5981201
5987487
6008059
6020776
6114756
6124921
6139464
6181670
6211722
6214848
6280669
6290850
6301991
6327639
6392923
6476136
6477732
6514665
6528243
6534846
6626195
6675870
6686685
6728753
6802196
6907781
6915371
6923587
6923834
6933639
6937170
6940794
6963367
7020840
7054718
7067582
7087547
7169851
7203431
7237851
7242043
7243719
7359204
7394066
7399972
7451389
7456138
7461547
7491277
7506743
7512982
7520570
7529680
7536032
7608362
7642030
7677327
7695364
7707281
7731368
7755088
7755702
7803777
7841867
7845106
7885493
7898925
7968716
8024056
8053851
8071586
8105713
8149366
8187089
8236930
8250162
8258876
8269623
8301275
8304112
8335369
8389519
8421635
8443075
8475056
8517603
8570934
8583004
8761290
8805732
8832204
8849643
8911182
8939820
9029427
9047225
9064594
9104036
9209556
9212115
9228334
9230910
9240767
9274113
9323213
9332050
9350865
9372990
9381692
9390481
9536453
9635780
9639228
9667594
9722828
9729247
9733769
9781549
9949526
9983122
9996570
10026154
10122570
10126149
10130885
10144685
10199210
10224221
10257666
10468890
10535115
10592754
10639775
10641939
10713115
10864775
10950879
10952740
10956556
11010533
11058647
11126108
11144854
11221473
11295529
11535173
11568987
11569943
11613628
11619579
11638520
11661336
11675012
11810558
11824570
11835129
11884034
11946733
11954461
11975746
11987732
12017800
12022606
12060287
12074520
12150841
12196471
12201516
12318482
12368752
12444544
12450608
12639992
12673612
12688767
12755857
12786127
12813617
12828572
12849062
12898192
12957330
13028559
13051740
13061297
13094272
13231695
13241821
13244840
13277343
13291571
13317464
13318355
13381566
13440682
13491192
13549587
13556486
13567836
13596917
13696811
13729024
13746651
13758543
13833816
13880095
13912304
13943573
13950288
13964018
13975357
14067857
14113805
14119180
14133176
14183992
14193799
14255376
14291064
14392635
14397186
14416582
14423305
14490677
14501985
14505203
14510811
14531400
14531423
14597343
14635769
14735583
14829302
14836886
14873333
14889221
14901417
14909208
14909782
14981557
15034771
15083245
15162309
15214336
15237187
15258834
15490832
15569615
15615847
15669155
15684312
15832856
15835295
15839971
15956019
15982076
16055661
16099141
16203687
16307038
16484658
16530513
16534452
16576508
16617814
16728107
16756163
16798163
16801939
16842161
16926053
16964300
16996419
17013214
17042456
17049066
17091210
17117700
17128399
17135059
17150705
17278838
17283282
17329455
17362196
17412589
17441715
17455489
17459476
17545533
17582735
17598011
17682982
17726568
17726580
17730263
17732207
17743023
17873194
17917702
17923569
18011745
18012069
18026270
18109329
18127080
18141518
18273501
18290381
18369009
18371745
18412606
18422153
18506988
18565912
18590543
18601317
18661712
18715896
18758828
18778951
18825157
18868004
18950584
18975510
19127508
19244513
19252848
19278531
19304758
19308375
19359205
19376941
19465815
19478846
19500376
19526046
19615312
19649752
19756533
19919444
19935722
19938625
20007469
20060357
20085657
20126997
20162994
20183458
20185951
20365527
20402884
20446882
20452851
20548375
20612682
20639321
20915442
20966880
20978786
20979024
21027007
21084104
21132888
21193744
21362354
21391832
21415353
21474335
21497851
21533693
21552907
21579769
21607007
21631336
21736918
21765455
21797882
21817138
21829693
21829746
21896650
21938744
22040369
22040487
22069336
22080062
22181754
22232188
22340378
22349755
22509271
22512179
22597136
22719530
22792049
22808089
22934344
22980978
23006588
23019152
23038456
23082254
23105692
23203838
23208383
23294657
23471693
23824240
23887005
23902751
23936594
23945910
23975663
24046876
24092429
24154981
24291093
24357557
24358555
24456464
24463426
24506124
24613239
24622729
24703695
24712374
24745099
24792876
24824310
24868440
24952488
25086643
25139457
25155464
25188285
25227384
25288439
25322165
25426972
25475753
25490209
25561637
25563623
25653084
25657243
25701782
25834929
25859406
25999091
26070973
26310642
26317410
26383587
26414814
26477556
26571120
26644227
26693330
26756158
26760555
26902494
26934778
27000641
27261476
27277569
27390836
27415300
27501122
27501581
27576102
27586151
27705130
27737838
27790228
27862861
27906955
27940261
27972939
28016141
28133547
28136911
28194169
28331224
28353705
28435407
28523008
28552924
28571875
28630427
28701605
28777626
28974984
29094470
29094482
29143371
29158200
29220205
29301682
29613460
29709591
29907622
29988874
30002668
30013681
30031722
30052759
30077870
30084179
30094476
30194216
30263846
30264855
30475738
30530462
30531830
30667646
30673603
30748724
30898166
31057215
31165935
31342760
31355572
31522002
31652526
31752011
31852208
31902014
32171542
32283505
32358816
32529226
32631964
32747110
32896834
32969144
33016504
33093588
33129711
33302383
33442198
33540442
33663773
33729177
33735247
34000762
34300846
34389732
34503366
34568094
34660481
34811091
34904215
34989164
35080066
35183036
35235458
35394785
35483170
35497885
35565827
35577320
35602440
35674269
35704782
35735615
35749708
36281242
36309609
36388330
36425069
36435671
36547818
36559978
36660537
36661075
36797703
36910827
37274965
37693461
37863235
38013124
38060042
38467019
38476028
38619352
38668936
38723201
39186410
39222419
39226810
39375661
39455806
39619368
39678666
39691737
39759027
39879229
39930013
39999904
40042382
40063171
40138350
40310512
40331742
40356284
40367189
40574657
40757383
40779300
40847507
40908305
41044041
41072440
41128822
41321091
41386380
41529955
41699470
41711940
41854007
41933156
41934038
41959882
42108817
42123288
42147241
42235392
42450215
42453988
42665275
42858769
42889852
43603521
43622651
43666548
43778677
43883224
44020975
44239394
44266073
44266390
44352113
44430111
44532681
44749124
44846219
44849780
44885150
44927616
45023168
45071301
45194474
45297559
45583840
45617723
45768350
45996588
46221571
46333380
46426334
46551660
46610788
46685304
46798507
46929734
47175566
47403948
47484425
47529764
47554441
47829062
48343780
48373887
48423369
48536494
48638047
48663869
48958380
49199212
49303095
49523798
49646375
49675071
49840315
49852428
50197249
50318774
50598637
50633245
50715683
50733370
50954012
51023336
51178536
51358642
51754500
51854240
51947707
52023693
52194918
52325545
52496347
52760695
52811312
52911874
52946115
53104771
53391783
53396372
53609049
53730079
54508841
54518991
54589525
54600849
55047939
55068099
55442560
55475013
55621504
55735702
55807447
55877513
56241666
56350393
56413435
56581923
56847347
57107035
57345857
57682581
57895434
58191612
59064578
59149851
59198889
59340242
59571584
59588917
59613216
59633585
59752124
59853854
60113461
60372648
60905834
61241428
61373363
61483450
61496859
62412041
62424547
62472887
62535391
62552419
62569343
62595752
62819887
62835513
62959678
63054593
63172629
63291231
63407637
64023848
64048644
64245409
65438304
66185142
66215835
66767715
67004659
67417566
67516163
67701929
67800651
67858739
67953525
68049342
68169783
68214944
68817903
68959945
69160490
69401403
69452355
69597936
69733948
70100266
70163924
70241657
70392098
70936414
71108954
71147986
71178929
71422400
71742939
71993762
72002627
72972548
73153668
73436398
73668164
73735967
73802110
74057312
74119913
74365312
74523340
74585596
74681569
75155004
75192551
75608504
75788075
75813715
76040744
76675868
77164721
77514208
77892524
78182629
78611867
78748432
78800937
78836207
79031406
79360328
79378809
79602740
79682892
79743501
80378219
80383578
81025467
81173569
81401960
81519630
82133458
82396600
82747372
82767855
82803031
82990429
83095588
83315086
83338142
84410142
84567236
86053687
86121007
86236282
86261885
86349798
86462717
86467677
86875807
87084592
87299232
87591379
87733657
88202995
88320944
88554401
89325178
89398091
89846174
89920724
90159858
90422852
90963314
91420616
92150945
92189418
92956856
93186671
93296031
93926738
94090701
94309252
94414967
95916319
96303635
96498825
96573130
96615040
96998170
97150704
98151236
98171432
98812848
99023338
99251022
99642685
100115159
100417720
100483160
100569335
100883527
101315293
102071115
102078502
102469293
102567469
103142563
103250911
103316698
104101193
104458932
104560174
104683202
104897297
105064744
105195877
106066001
106242930
106266393
106518166
107073137
107200153
107290294
107339867
107735551
108224079
108669597
109238082
109665782
110132383
110291316
110319256
111295157
111946231
112559509
112812629
112949126
113774112
113909098
114637499
115583599
115733689
115987840
116165499
116174585
116473079
116681793
116872350
117279329
117534747
117745173
118094610
118571440
118762741
118999909
119066615
119092253
119399163
119685956
120202592
120555742
120623664
121029117
121257544
121308247
121472635
121670497
122420460
123568415
124120572
124622209
124857065
125024645
125672527
126200755
127049984
127384750
128936532
129883978
130354965
131682385
133845087
134302887
135515925
137377038
137453569
137914093
138184761
138644542
138725631
138818059
139181880
139344338
139451869
140282686
140344104
140623856
140751085
142058574
142062814
142831603
143269276
143276728
143370937
145104866
145227952
145771274
145982207
146587111
146937181
147022155
147065697
147177709
147275860
147703293
149551618
150916015
150960596
151074310
151729881
153087915
153109399
153278249
153282775
153413163
153760438
154029183
154408748
155806058
155880586
156526633
156536800
158367990
159134327
159142552
159701385
161249091
161342458
161698114
162004563
162884919
162977120
162993722
163579893
164970703
166655252
167014757
167115633
167230172
167377503
168721037
169024560
169141693
170608992
171439623
171943204
171991985
172432736
172855375
173218265
174167357
174798327
175486136
176248451
176433544
176593162
177869297
178364734
178498056
179190633
179222947
179354369
180163660
182094184
182671531
183818118
187408280
187814773
188083519
188765411
189534842
190912128
191346599
191432061
191846903
193970878
194436426
194765838
194951901
195349149
195488688
197433107
197771921
199952785
200554280
201062648
201228754
201983018
202761056
204323431
206172504
207228606
208894202
210629911
210635276
211950315
212773312
214225083
214662520
214740497
215622877
216375663
219093381
219421069
219913564
221289330
221579008
221798434
222696105
224018804
224067080
224589675
225898918
227003711
230456821
232067014
232219008
232832670
234588153
234947408
235210804
236131360
237534288
239906766
241137388
242384830
243976984
244317389
245138384
246519287
251460590
251575876
253308954
254863093
256091015
260840197
261161747
261563599
261942854
262681873
263100758
263303268
266526688
266966308
274607638
275219417
278311918
279954423
280691725
282267193
282344824
284499950
285119255
285292768
286731333
288326760
288470227
291823504
293850642
295068395
295101250
295975819
296488279
297341519
298538025
301483124
305598569
306961426
307352822
310496626
311486537
313019642
318080261
321001641
321711579
322090015
325573388
329845952
331011562
331537481
333022205
334663907
340133165
342603109
342763263
343965183
346516737
346616934
347701606
348421768
351818313
353306875
354763091
355136280
355300341
359103901
364021203
364788075
372416469
375265668
375689472
378913775
382565352
383694233
383965428
385007512
386028766
386402210
387729623
389636164
389693866
390950865
391123212
391444477
391934351
392887276
394875917
395848972
396613408
406021802
410199624
412204826
413346275
414710476
420742559
422315924
425722464
431432408
431671170
434352483
438613261
439161475
443539313
443807423
446385176
455574515
456217859
458553274
466094798
467227084
469742604
472053612
473276430
475492018
475565897
479877184
482396139
485631588
488010109
492466673
493872650
494108280
496401772
498879326
502112957
502364365
503836438
505253992
506390113
507778775
508779086
510464539
510660845
512103001
516432635
516559253
520016493
528009224
528734693
529627686
533637949
535454368
535945736
544645865
546115559
546483141
547338791
554736348
555773446
556232573
557526764
558974346
566162353
567119841
571046980
571690699
572624188
574411138
575087216
575819517
576263298
578074996
579775680
580213873
588242086
592939313
596802638
596917907
597785942
599486368
601064953
603369408
607789319
610446290
611452859
611638514
615816832
616247161
617604016
617881332
619657711
620097397
620989729
621230016
622310386
624939012
626142615
626413643
628320345
629012451
632143106
633878958
634337883
634462140
637011887
639728908
640026829
641473101
642364986
643551777
643942926
645307468
649277573
650159592
651073677
651715832
655982474
656660378
658840942
661225886
666474541
667570688
667863529
669178767
670602869
671272928
671334373
674820367
676022484
683403719
687504070
688069629
688339747
688817026
693111375
693947207
694137950
696224671
698369587
698548142
698855379
698870690
700029890
702025721
703241190
707181064
709114166
710307722
716045919
718647090
720498365
722001637
723279177
723827704
724194530
724535113
724716273
724754744
730618910
732565093
734239956
735312239
735380729
738421213
738864398
740370415
740797386
742780690
744242323
744394117
744584360
747549462
749315072
751268883
752851715
752928662
753648699
753812554
754618249
755773343
757083806
757398943
757652880
758791799
759153341
759486288
760051957
760436627
760820510
761626488
762251318
763508849
763858089
765723471
765776842
767001237
767245621
767750723
767929809
768125652
769409292
770765840
771610125
773143579
774984764
776396449
776469863
777426431
778215550
778813063
780188972
783161817
785655476
786171045
787062746
787179591
790646051
790927019
792064191
798102104
798306853
798978907
799549870
801035127
801234802
805160064
807356822
807487324
808439488
808598650
808717475
810234675
810499653
810984368
812347045
813083529
813328548
813370414
813934906
813945597
814389014
815047249
815328081
815787243
816826106
819326358
819575010
820304875
822746902
823870702
826288742
826653729
827714213
829502678
831968522
834471766
835022992
835303730
836626856
837032817
837168884
839213133
839927812
841533829
841675129
841808844
844071063
844402166
844579777
845192961
845658247
846404762
846917941
847214785
847290938
847535996
847728830
847986485
848321113
850054305
850475806
851620376
852614054
853399723
854165768
856484841
856539324
856584465
857683837
858810648
858875349
859682964
860172717
860533562
860773222
863294794
863874888
863917990
864866601
865394237
866305151
868110313
868146706
868394556
868477188
868590041
869231591
869364696
869648857
869818994
870777588
871016281
871461469
873209619
873350948
873697442
873899649
874302367
874359062
874473653
874690941
874905668
875029794
876117982
876251663
876695830
876938210
877368961
877977972
878101634
878345678
878704183
879848867
881232271
881395042
881794037
882243519
882311468
882620561
882844338
882906747
883162950
883237815
883358161
883412857
883639124
883787993
884079748
884538598
884752362
884974987
885391861
886060922
886188269
886444972
886895395
887074239
888259953
888872323
888988322
889511878
889915173
890220783
890619903
891118891
891495584
891661160
891821539
892751209
892866020
893081278
893297063
893642432
894408694
894474579
894621435
894956286
895378376
895382913
895518749
895770971
896111286
896272537
896676677
896711915
896954292
897604904
897622695
898255531
898256113
898953448
898968118
899153864
900139996
900631674
900652690
900666791
901138073
901217224
901220750
901432924
902069847
902334955
902552308
902873114
902884700
903445838
903535632
903756690
903836416
903961562
904390260
906456696
906633389
906720190
907601358
907645019
908147212
908419583
908567392
909259594
909491485
909724566
910182682
911078891
911219091
911317251
911400871
912073654
912112330
912182819
912797041
912915539
913234344
913578801
913617467
913961647
914056016
914507594
914708329
914974748
914995139
915307499
915603525
915615177
915663110
915750735
916509982
916598111
916711339
917213402
917853869
918022069
918098460
918123778
918124258
918911379
919248545
919437956
919448394
919454370
919459513
919651983
919661143
919885819
920079218
920372812
920902200
921532399
921641023
922171064
922398303
922833918
922858114
922888152
923007017
923413139
923450370
923482012
924334330
924446569
924509810
924560025
925001392
925118836
925303037
925379887
926035123
926072868
926215248
926474008
927453480
927762061
927921911
927986560
927993565
928033989
928221463
928257698
928537665
928873684
928917931
929227733
929341255
929471740
929555390
929936255
930029376
930268610
930664918
931412097
931947453
932355628
932582839
932679192
932773114
932953453
933229116
933282643
933576813
933584947
933691978
933833666
933936972
933980010
934417251
934500379
934507829
935020867
935123220
935928916
935950689
935993882
936106855
936242004
936248522
936311290
936496977
936576431
936652735
936721518
936864743
937067591
937069248
937181936
937303542
937482944
937511307
937795902
938014681
938248836
938425798
938552742
938621990
938696408
938713422
938896674
938915296
938967841
939113544
939369917
939618778
940004128
940314738
940416947
940498069
940800069
940901070
941585127
941645085
941679480
941721460
942021619
942033520
942131285
942433519
942566346
942628573
943024258
943082138
943387613
943647133
943647470
943720163
943811348
944069971
944270346
944333643
944590334
944687735
944727391
944814896
944816871
945118619
945489001
945554697
945577396
945641464
945712885
946052635
946114609
946515448
946580820
947153552
947692051
948254609
948344489
948403452
948519887
948623865
948780592
949100970
949184397
949414692
949497222
949531319
949739392
949835960
949857041
949886982
949958603
950037061
950105747
950141757
950523086
950559660
950794196
950937989
951102854
951158286
951392799
951408788
951502014
951591786
951866761
952326564
952607401
952744008
952769779
953061670
953122596
953232357
953416358
953541941
953567024
953616368
953805773
953910799
954025031
954151827
954155731
954170637
954300537
954319377
954463954
954637821
954671148
954728716
955137882
955141399
955310640
955430541
955484230
955519547
955554545
955665457
955701604
955881595
955887862
956235470
956264525
956442775
956449173
956585854
956662133
956797272
956938109
957187594
957323406
957353745
957484925
957520255
957779965
957823538
957919807
958112899
958304718
958358073
958383761
958542768
958654615
958739107
958763524
958813756
959013541
959024601
959084417
959160165
959535636
959615420
959693140
959761483
959944213
960001240
960099557
960117904
960206801
960222838
960263736
960401129
960445050
960602090
961153472
961159356
961206657
961261004
961270536
961289588
961622161
961677599
961690073
961740519
961846369
961921870
962042844
962116575
962118687
962138025
962374838
962418245
962424189
962579683
962743368
962852998
962895960
962910109
963031838
963037736
963045703
963290782
963558656
963622899
963870702
964020344
964033556
964176112
964291686
964587257
964812629
964995150
965061230
965282938
965394719
965419261
965499875
965731867
965736509
965755560
965773960
965776503
965882479
965900578
966074398
966104350
966417398
966533992
966582425
966631334
966655724
966665525
966855513
966890671
966969801
967138715
967245383
967291650
967417901
967478516
967671842
967769130
967781612
967787853
967810121
968220346
968307604
968471221
968583818
968712631
968925823
969293471
969415711
969608613
969733161
969755442
969817559
969915432
970084534
970114027
970153457
970177043
970251394
970271760
970368268
970412669
970594046
970604616
970701180
970711551
970739938
970765000
970794683
970871751
970883897
970912870
970961810
971015476
971025187
971037629
971287356
971337427
971377607
971452542
971698992
971710250
971749695
971763781
971766648
971812203
971879502
971926958
971944495
971998244
972031742
972133941
972146988
972174894
972242127
972399263
972416011
972486351
972526602
972529178
972718708
972726738
972912759
973074286
973088026
973092620
973246587
973412653
973591188
973647743
973778189
973789861
973791062
973927286
973974351
973978958
974016150
974066443
974108919
974162865
974181455
974218897
974330276
974386142
974468628
974476063
974519806
974741295
974743901
974895101
974943898
975019102
975092744
975118585
975505310
975641354
975733239
975737588
975899071
975957828
975967115
976035421
976109882
976119199
976362460
976368479
976682297
976718756
976948945
976987087
977068542
977145090
977190852
977197236
977305181
977385417
977395795
977496446
977701963
977707647
977821662
977837370
977874942
977900732
977960422
977991459
978009200
978012659
978090832
978167452
978211261
978299568
978378271
978525813
978668468
978818952
978861916
978894907
978944992
979063322
979104841
979116439
979224978
979292124
979304685
979392466
979525473
979559186
979678495
979721094
979742600
979779481
979840122
979853408
979981575
980069114
980089535
980097431
980128510
980139422
980193067
980198090
980237346
980359603
980536051
980564409
980701022
980715873
980743734
980749042
980775511
980791428
980860676
980900372
980926406
981105095
981171187
981176425
981183230
981239411
981257281
981259640
981267394
981343646
981463376
981489949
981496991
981525975
981529684
981545617
981724234
981853367
981874868
981932662
981942603
981942924
982072808
982324995
982333655
982645874
982696836
982740884
982782498
982905789
982933869
982949281
982959320
983014869
983033196
983039334
983140421
983149193
983196620
983199787
983217055
983255940
983259363
983281502
983304284
983343533
983371166
983393325
983422396
983433667
983545847
983610602
983654218
983752571
983786793
983809436
983854478
983970178
983995816
984144002
984231736
984259167
984261554
984307913
984418091
984519803
984559531
984559925
984565726
984593215
984686569
984693935
984703619
984743569
984762153
984897022
985148546
985182902
985231926
985296257
985305156
985346006
985357840
985381439
985405827
985412265
985497904
985511220
985618434
985655158
985656838
985675132
985703601
985869769
985913381
985948674
985952901
985982770
985998849
986039045
986126083
986150229
986161426
986217919
986256691
986271438
986289059
986290070
986290517
986310993
986344371
986367488
986397349
986403471
986466130
986480000
986513906
986518118
986521005
986558382
986594929
986620369
986651197
986684390
986736076
986745019
986753358
986774930
986812956
986843432
986858824
986962661
987104503
987116856
987118985
987168612
987199735
987474679
987510041
987582772
987667508
987676997
987746296
987750854
987760380
987842761
987869015
987916650
987989528
988085316
988173480
988214207
988257697
988287312
988299345
988312418
988349924
988382527
988533323
988587397
988596653
988607049
988611595
988648686
988666941
988761271
988784550
988820447
988846845
988894286
988950241
989065839
989106082
989126803
989132609
989165557
989224074
989403338
989415717
989440563
989448194
989455700
989464270
989486474
989546095
989575047
989652397
989686005
989741094
989778778
989794893
989818392
989896647
989916497
989933575
989998151
990052502
990060878
990069952
990089685
990129197
990161254
990255705
990324850
990331918
990335240
990347419
990456092
990480994
990483530
990484418
990521914
990522802
990552005
990635461
990703682
990712737
990798531
990808805
990830700
990832751
990902663
990920614
990967704
991018612
991037526
991161532
991185344
991243021
991265721
991275228
991277811
991299380
991303575
991333003
991372991
991408795
991504775
991518747
991619917
991675677
991693170
991720300
991735985
991746589
991754852
991762671
991770362
991849976
991871324
991872194
991874173
991906637
991959575
991970119
992028584
992039043
992112332
992136985
992164298
992223428
992326730
992357358
992370705
992386845
992430991
992480313
992587182
992599835
992601495
992642786
992661892
992751322
992788394
992789833
992816367
992909063
992950525
992995303
993012484
993034330
993050861
993073134
993180332
993210490
993214556
993217746
993286576
993298263
993300511
993304076
993356141
993365244
993440626
993499823
993501579
993519566
993522191
993543052
993556814
993595569
993613985
993630842
993705384
993709125
993747764
993886855
993987874
994010010
994011833
994098805
994114755
994132942
994140834
994180607
994181812
994198281
994212096
994252566
994316755
994381926
994398480
994421814
994455248
994465159
994482576
994483073
994496469
994545413
994599822
994681922
994682438
994683450
994701374
994756550
994856510
994869705
994879306
994938169
994941582
994949270
994974034
994981618
994992317
995013401
995041067
995063487
995068722
995092541
995136051
995186206
995189155
995206585
995217567
995286031
995299521
995307348
995336685
995343659
995351713
995368252
995420170
995497226
995520162
995542128
995557321
995568873
995603069
995626074
995651209
995664263
995699184
995702826
995708401
995734014
995737019
995739701
995743292
995746715
995758522
995785236
995785658
995810632
995812334
995847557
995891959
995911159
995912092
995924178
995926549
995958390
995968720
996035561
996058626
996123946
996173761
996175896
996244319
996268488
996357274
996366565
996383359
996398189
996427355
996531773
996536598
996536655
996561485
996573036
996576589
996618372
996643782
996644877
996702829
996723999
996749193
996760190
996763331
996768211
996804256
996804555
996830273
996875195
996934827
996972782
996980970
997003216
997048940
997085515
997114369
997120718
997215577
997238596
997301761
997362050
997401401
997412604
997428778
997433892
997439745
997460944
997481762
997491317
997538962
997598365
997607964
997611758
997651332
997698496
997761047
997856157
997868626
997871227
997877526
997907345
997928654
997936729
997966350
997973233
998017787
998069814
998169702
998200263
998263504
998281562
998346824
998423591
998426191
998491929
998496318
998507732
998532481
998548256
998548291
998587233
998590900
998627988
998650551
998772906
998781382
998869774
998904616
998976822
998978392
999004271
999037486
999057645
999125546
999152578
999198279
999220689
999224300
999272608
999292252
999322142
999354055
999386960
999468438
999468586
999507092
999546823
999562986
999613416
999651155
999663980
999735184
999737572
999754807
999756024
999765241
999768263
999769551
999801577
999807654
999826138
999858692
999869761
999871865
999889467
999925772
999974860
999981507
999982757
